<?xml version="1.0" encoding="UTF-8"?>
<testng-results ignored="0" total="2" passed="2" failed="0" skipped="0">
  <reporter-output>
  </reporter-output>
  <suite started-at="2024-04-28T12:07:51 IST" name="Default suite" finished-at="2024-04-28T12:07:51 IST" duration-ms="76">
    <groups>
    </groups>
    <test started-at="2024-04-28T12:07:51 IST" name="Default test" finished-at="2024-04-28T12:07:51 IST" duration-ms="76">
      <class name="SetUp.TestDemo">
        <test-method is-config="true" signature="m1()[pri:0, instance:SetUp.TestDemo@5ace1ed4]" started-at="2024-04-28T12:07:51 IST" name="m1" finished-at="2024-04-28T12:07:51 IST" duration-ms="10" status="PASS">
          <reporter-output>
          </reporter-output>
        </test-method> <!-- m1 -->
        <test-method is-config="true" signature="m6()[pri:0, instance:SetUp.TestDemo@5ace1ed4]" started-at="2024-04-28T12:07:51 IST" name="m6" finished-at="2024-04-28T12:07:51 IST" duration-ms="2" status="PASS">
          <reporter-output>
          </reporter-output>
        </test-method> <!-- m6 -->
        <test-method is-config="true" signature="m3()[pri:0, instance:SetUp.TestDemo@5ace1ed4]" started-at="2024-04-28T12:07:51 IST" name="m3" finished-at="2024-04-28T12:07:51 IST" duration-ms="1" status="PASS">
          <reporter-output>
          </reporter-output>
        </test-method> <!-- m3 -->
        <test-method is-config="true" signature="m2()[pri:0, instance:SetUp.TestDemo@5ace1ed4]" started-at="2024-04-28T12:07:51 IST" name="m2" finished-at="2024-04-28T12:07:51 IST" duration-ms="0" status="PASS">
          <reporter-output>
          </reporter-output>
        </test-method> <!-- m2 -->
        <test-method is-config="true" signature="m5()[pri:0, instance:SetUp.TestDemo@5ace1ed4]" started-at="2024-04-28T12:07:51 IST" name="m5" finished-at="2024-04-28T12:07:51 IST" duration-ms="2" status="PASS">
          <reporter-output>
          </reporter-output>
        </test-method> <!-- m5 -->
        <test-method signature="test1()[pri:0, instance:SetUp.TestDemo@5ace1ed4]" started-at="2024-04-28T12:07:51 IST" name="test1" finished-at="2024-04-28T12:07:51 IST" duration-ms="9" status="PASS">
          <reporter-output>
          </reporter-output>
        </test-method> <!-- test1 -->
        <test-method is-config="true" signature="m10()[pri:0, instance:SetUp.TestDemo@5ace1ed4]" started-at="2024-04-28T12:07:51 IST" name="m10" finished-at="2024-04-28T12:07:51 IST" duration-ms="0" status="PASS">
          <reporter-output>
          </reporter-output>
        </test-method> <!-- m10 -->
        <test-method is-config="true" signature="m5()[pri:0, instance:SetUp.TestDemo@5ace1ed4]" started-at="2024-04-28T12:07:51 IST" name="m5" finished-at="2024-04-28T12:07:51 IST" duration-ms="1" status="PASS">
          <reporter-output>
          </reporter-output>
        </test-method> <!-- m5 -->
        <test-method is-config="true" signature="m2()[pri:0, instance:SetUp.TestDemo@5ace1ed4]" started-at="2024-04-28T12:07:51 IST" name="m2" finished-at="2024-04-28T12:07:51 IST" duration-ms="0" status="PASS">
          <reporter-output>
          </reporter-output>
        </test-method> <!-- m2 -->
        <test-method signature="test2()[pri:0, instance:SetUp.TestDemo@5ace1ed4]" started-at="2024-04-28T12:07:51 IST" name="test2" finished-at="2024-04-28T12:07:51 IST" duration-ms="6" status="PASS">
          <reporter-output>
          </reporter-output>
        </test-method> <!-- test2 -->
        <test-method is-config="true" signature="m10()[pri:0, instance:SetUp.TestDemo@5ace1ed4]" started-at="2024-04-28T12:07:51 IST" name="m10" finished-at="2024-04-28T12:07:51 IST" duration-ms="1" status="PASS">
          <reporter-output>
          </reporter-output>
        </test-method> <!-- m10 -->
        <test-method is-config="true" signature="m9()[pri:0, instance:SetUp.TestDemo@5ace1ed4]" started-at="2024-04-28T12:07:51 IST" name="m9" finished-at="2024-04-28T12:07:51 IST" duration-ms="0" status="PASS">
          <reporter-output>
          </reporter-output>
        </test-method> <!-- m9 -->
        <test-method is-config="true" signature="m8()[pri:0, instance:SetUp.TestDemo@5ace1ed4]" started-at="2024-04-28T12:07:51 IST" name="m8" finished-at="2024-04-28T12:07:51 IST" duration-ms="0" status="PASS">
          <reporter-output>
          </reporter-output>
        </test-method> <!-- m8 -->
        <test-method is-config="true" signature="m7()[pri:0, instance:SetUp.TestDemo@5ace1ed4]" started-at="2024-04-28T12:07:52 IST" name="m7" finished-at="2024-04-28T12:07:52 IST" duration-ms="1" status="PASS">
          <reporter-output>
          </reporter-output>
        </test-method> <!-- m7 -->
      </class> <!-- SetUp.TestDemo -->
    </test> <!-- Default test -->
  </suite> <!-- Default suite -->
</testng-results>
